Fri 15 May 2026 06:52:54 INFO  ['train_sasrec.py']
Fri 15 May 2026 06:52:54 INFO  
General Hyper Parameters:
gpu_id = 0
use_gpu = True
seed = 2020
state = INFO
reproducibility = True
data_path = ./dataset/microlens100k
checkpoint_dir = ./checkpoints/
show_progress = True
save_dataset = False
dataset_save_path = None
save_dataloaders = False
dataloaders_save_path = None
log_wandb = False

Training Hyper Parameters:
epochs = 100
train_batch_size = 512
learner = adamw
learning_rate = 0.0001
train_neg_sample_args = {'distribution': 'none', 'sample_num': 'none', 'alpha': 'none', 'dynamic': False, 'candidate_num': 0}
eval_step = 5
stopping_step = 5
clip_grad_norm = None
weight_decay = 0.01
loss_decimal_place = 4

Evaluation Hyper Parameters:
eval_args = {'split': {'LS': 'valid_and_test'}, 'order': 'TO', 'group_by': 'user', 'mode': {'valid': 'full', 'test': 'full'}}
repeatable = True
metrics = ['Hit', 'NDCG']
topk = [10, 20]
valid_metric = NDCG@10
valid_metric_bigger = True
eval_batch_size = 2048
metric_decimal_place = 4

Dataset Hyper Parameters:
field_separator = 	
seq_separator =  
USER_ID_FIELD = user_id
ITEM_ID_FIELD = item_id
RATING_FIELD = rating
TIME_FIELD = timestamp
seq_len = None
LABEL_FIELD = label
threshold = None
NEG_PREFIX = neg_
load_col = {'inter': ['user_id', 'item_id', 'timestamp']}
unload_col = None
unused_col = None
additional_feat_suffix = None
rm_dup_inter = None
val_interval = None
filter_inter_by_user_or_item = True
user_inter_num_interval = [0,inf)
item_inter_num_interval = [0,inf)
alias_of_user_id = None
alias_of_item_id = None
alias_of_entity_id = None
alias_of_relation_id = None
preload_weight = None
normalize_field = None
normalize_all = None
ITEM_LIST_LENGTH_FIELD = item_length
LIST_SUFFIX = _list
MAX_ITEM_LIST_LENGTH = 13
POSITION_FIELD = position_id
HEAD_ENTITY_ID_FIELD = head_id
TAIL_ENTITY_ID_FIELD = tail_id
RELATION_ID_FIELD = relation_id
ENTITY_ID_FIELD = entity_id
benchmark_filename = None

Other Hyper Parameters: 
worker = 0
wandb_project = recbole
shuffle = True
require_pow = False
enable_amp = False
enable_scaler = False
transform = None
n_layers = 2
n_heads = 2
hidden_size = 2048
inner_size = 2048
hidden_dropout_prob = 0.1
attn_dropout_prob = 0.1
hidden_act = gelu
layer_norm_eps = 1e-12
initializer_range = 0.02
loss_type = CE
numerical_features = []
discretization = None
kg_reverse_r = False
entity_kg_num_interval = [0,inf)
relation_kg_num_interval = [0,inf)
MODEL_TYPE = ModelType.SEQUENTIAL
state_tracker = ['Tensorboard']
MODEL_INPUT_TYPE = InputType.POINTWISE
eval_type = EvaluatorType.RANKING
single_spec = True
local_rank = 0
device = cuda
valid_neg_sample_args = {'distribution': 'uniform', 'sample_num': 'none'}
test_neg_sample_args = {'distribution': 'uniform', 'sample_num': 'none'}


Fri 15 May 2026 06:52:57 INFO  microlens100k
The number of users: 100001
Average actions of users: 7.19405
The number of items: 19739
Average actions of items: 36.44771506738272
The number of inters: 719405
The sparsity of the dataset: 99.96355449587001%
Remain Fields: ['user_id', 'item_id', 'timestamp']
Fri 15 May 2026 06:53:08 INFO  [Training]: train_batch_size = [512] train_neg_sample_args: [{'distribution': 'none', 'sample_num': 'none', 'alpha': 'none', 'dynamic': False, 'candidate_num': 0}]
Fri 15 May 2026 06:53:08 INFO  [Evaluation]: eval_batch_size = [2048] eval_args: [{'split': {'LS': 'valid_and_test'}, 'order': 'TO', 'group_by': 'user', 'mode': {'valid': 'full', 'test': 'full'}}]
Fri 15 May 2026 06:53:10 INFO  SASRec(
  (item_embedding): Embedding(19739, 2048, padding_idx=0)
  (position_embedding): Embedding(13, 2048)
  (trm_encoder): TransformerEncoder(
    (layer): ModuleList(
      (0-1): 2 x TransformerLayer(
        (multi_head_attention): MultiHeadAttention(
          (query): Linear(in_features=2048, out_features=2048, bias=True)
          (key): Linear(in_features=2048, out_features=2048, bias=True)
          (value): Linear(in_features=2048, out_features=2048, bias=True)
          (softmax): Softmax(dim=-1)
          (attn_dropout): Dropout(p=0.1, inplace=False)
          (dense): Linear(in_features=2048, out_features=2048, bias=True)
          (LayerNorm): LayerNorm((2048,), eps=1e-12, elementwise_affine=True)
          (out_dropout): Dropout(p=0.1, inplace=False)
        )
        (feed_forward): FeedForward(
          (dense_1): Linear(in_features=2048, out_features=2048, bias=True)
          (dense_2): Linear(in_features=2048, out_features=2048, bias=True)
          (LayerNorm): LayerNorm((2048,), eps=1e-12, elementwise_affine=True)
          (dropout): Dropout(p=0.1, inplace=False)
        )
      )
    )
  )
  (LayerNorm): LayerNorm((2048,), eps=1e-12, elementwise_affine=True)
  (dropout): Dropout(p=0.1, inplace=False)
  (loss_fct): CrossEntropyLoss()
)
Trainable parameters: 90828800
Fri 15 May 2026 06:53:10 INFO  FLOPs: 654634936.0
Fri 15 May 2026 06:58:03 INFO  epoch 0 training [time: 291.79s, train loss: 7719.9781]
Fri 15 May 2026 07:02:54 INFO  epoch 1 training [time: 291.64s, train loss: 6937.7538]
Fri 15 May 2026 07:07:46 INFO  epoch 2 training [time: 291.28s, train loss: 6389.2734]
Fri 15 May 2026 07:12:37 INFO  epoch 3 training [time: 291.25s, train loss: 5926.9470]
Fri 15 May 2026 07:17:28 INFO  epoch 4 training [time: 291.38s, train loss: 5357.2492]
Fri 15 May 2026 07:17:49 INFO  epoch 4 evaluating [time: 20.94s, valid_score: 0.042200]
Fri 15 May 2026 07:17:49 INFO  valid result: 
hit@10 : 0.0823    hit@20 : 0.1182    ndcg@10 : 0.0422    ndcg@20 : 0.0512
Fri 15 May 2026 07:17:50 INFO  Saving current: ./checkpoints/SASRec-May-15-2026_06-53-10.pth
Fri 15 May 2026 07:22:42 INFO  epoch 5 training [time: 291.39s, train loss: 4714.2509]
Fri 15 May 2026 07:27:33 INFO  epoch 6 training [time: 291.15s, train loss: 4096.1076]
Fri 15 May 2026 07:32:24 INFO  epoch 7 training [time: 290.99s, train loss: 3523.3089]
Fri 15 May 2026 07:37:15 INFO  epoch 8 training [time: 291.19s, train loss: 3019.8840]
Fri 15 May 2026 07:42:06 INFO  epoch 9 training [time: 291.32s, train loss: 2594.6592]
Fri 15 May 2026 07:42:27 INFO  epoch 9 evaluating [time: 20.95s, valid_score: 0.042300]
Fri 15 May 2026 07:42:27 INFO  valid result: 
hit@10 : 0.075    hit@20 : 0.1021    ndcg@10 : 0.0423    ndcg@20 : 0.0491
Fri 15 May 2026 07:42:28 INFO  Saving current: ./checkpoints/SASRec-May-15-2026_06-53-10.pth
Fri 15 May 2026 07:47:20 INFO  epoch 10 training [time: 291.46s, train loss: 2255.8760]
Fri 15 May 2026 07:52:11 INFO  epoch 11 training [time: 291.49s, train loss: 1994.6196]
Fri 15 May 2026 07:57:03 INFO  epoch 12 training [time: 291.63s, train loss: 1794.9737]
Fri 15 May 2026 08:01:55 INFO  epoch 13 training [time: 291.52s, train loss: 1652.0467]
Fri 15 May 2026 08:06:46 INFO  epoch 14 training [time: 291.51s, train loss: 1541.1390]
Fri 15 May 2026 08:07:07 INFO  epoch 14 evaluating [time: 20.90s, valid_score: 0.041100]
Fri 15 May 2026 08:07:07 INFO  valid result: 
hit@10 : 0.0708    hit@20 : 0.0955    ndcg@10 : 0.0411    ndcg@20 : 0.0474
Fri 15 May 2026 08:11:58 INFO  epoch 15 training [time: 291.45s, train loss: 1454.0337]
Fri 15 May 2026 08:16:50 INFO  epoch 16 training [time: 291.61s, train loss: 1378.6447]
Fri 15 May 2026 08:21:42 INFO  epoch 17 training [time: 291.50s, train loss: 1324.8059]
Fri 15 May 2026 08:26:33 INFO  epoch 18 training [time: 291.56s, train loss: 1277.1035]
Fri 15 May 2026 08:31:25 INFO  epoch 19 training [time: 291.68s, train loss: 1237.4847]
Fri 15 May 2026 08:31:46 INFO  epoch 19 evaluating [time: 20.94s, valid_score: 0.039300]
Fri 15 May 2026 08:31:46 INFO  valid result: 
hit@10 : 0.067    hit@20 : 0.0906    ndcg@10 : 0.0393    ndcg@20 : 0.0453
Fri 15 May 2026 08:36:37 INFO  epoch 20 training [time: 291.52s, train loss: 1208.5976]
Fri 15 May 2026 08:41:29 INFO  epoch 21 training [time: 291.60s, train loss: 1180.3709]
Fri 15 May 2026 08:46:20 INFO  epoch 22 training [time: 291.55s, train loss: 1158.7070]
Fri 15 May 2026 08:51:12 INFO  epoch 23 training [time: 291.72s, train loss: 1138.7141]
Fri 15 May 2026 08:56:04 INFO  epoch 24 training [time: 291.56s, train loss: 1118.6309]
Fri 15 May 2026 08:56:25 INFO  epoch 24 evaluating [time: 20.97s, valid_score: 0.037800]
Fri 15 May 2026 08:56:25 INFO  valid result: 
hit@10 : 0.0642    hit@20 : 0.0866    ndcg@10 : 0.0378    ndcg@20 : 0.0435
Fri 15 May 2026 09:01:16 INFO  epoch 25 training [time: 291.50s, train loss: 1103.0527]
Fri 15 May 2026 09:06:08 INFO  epoch 26 training [time: 291.41s, train loss: 1088.1566]
Fri 15 May 2026 09:10:59 INFO  epoch 27 training [time: 291.62s, train loss: 1075.4478]
Fri 15 May 2026 09:15:51 INFO  epoch 28 training [time: 291.55s, train loss: 1059.5663]
Fri 15 May 2026 09:20:42 INFO  epoch 29 training [time: 291.66s, train loss: 1058.7580]
Fri 15 May 2026 09:21:03 INFO  epoch 29 evaluating [time: 20.93s, valid_score: 0.037900]
Fri 15 May 2026 09:21:03 INFO  valid result: 
hit@10 : 0.0646    hit@20 : 0.0859    ndcg@10 : 0.0379    ndcg@20 : 0.0433
Fri 15 May 2026 09:25:55 INFO  epoch 30 training [time: 291.47s, train loss: 1039.7798]
Fri 15 May 2026 09:30:46 INFO  epoch 31 training [time: 291.42s, train loss: 1030.9619]
Fri 15 May 2026 09:35:37 INFO  epoch 32 training [time: 291.24s, train loss: 1019.3128]
Fri 15 May 2026 09:40:29 INFO  epoch 33 training [time: 291.57s, train loss: 1010.3678]
Fri 15 May 2026 09:45:21 INFO  epoch 34 training [time: 291.49s, train loss: 1006.7603]
Fri 15 May 2026 09:45:41 INFO  epoch 34 evaluating [time: 20.92s, valid_score: 0.036900]
Fri 15 May 2026 09:45:41 INFO  valid result: 
hit@10 : 0.0622    hit@20 : 0.0833    ndcg@10 : 0.0369    ndcg@20 : 0.0422
Fri 15 May 2026 09:50:33 INFO  epoch 35 training [time: 291.47s, train loss: 1001.5866]
Fri 15 May 2026 09:55:25 INFO  epoch 36 training [time: 291.69s, train loss: 987.4517]
Fri 15 May 2026 10:00:16 INFO  epoch 37 training [time: 291.29s, train loss: 984.1599]
Fri 15 May 2026 10:05:07 INFO  epoch 38 training [time: 291.34s, train loss: 978.3401]
Fri 15 May 2026 10:09:58 INFO  epoch 39 training [time: 291.24s, train loss: 970.4724]
Fri 15 May 2026 10:10:19 INFO  epoch 39 evaluating [time: 20.90s, valid_score: 0.036800]
Fri 15 May 2026 10:10:19 INFO  valid result: 
hit@10 : 0.062    hit@20 : 0.0828    ndcg@10 : 0.0368    ndcg@20 : 0.042
Fri 15 May 2026 10:10:19 INFO  Finished training, best eval result in epoch 9
Fri 15 May 2026 10:10:20 INFO  Loading model structure and parameters from ./checkpoints/SASRec-May-15-2026_06-53-10.pth
Fri 15 May 2026 10:10:42 INFO  The running environment of this training is as follows:
+-------------+------------------+
| Environment |      Usage       |
+=============+==================+
| CPU         |      5.70 %      |
+-------------+------------------+
| GPU         |  5.69 G/39.25 G  |
+-------------+------------------+
| Memory      | 2.24 G/2015.65 G |
+-------------+------------------+
Fri 15 May 2026 10:10:42 INFO  best valid : OrderedDict([('hit@10', 0.075), ('hit@20', 0.1021), ('ndcg@10', 0.0423), ('ndcg@20', 0.0491)])
Fri 15 May 2026 10:10:42 INFO  test result: OrderedDict([('hit@10', 0.0544), ('hit@20', 0.0779), ('ndcg@10', 0.0301), ('ndcg@20', 0.0361)])
