Thu 14 May 2026 03:10:29 INFO  ['/home/data/LTV/train_sasrec.py']
Thu 14 May 2026 03:10:29 INFO  
General Hyper Parameters:
gpu_id = 0
use_gpu = True
seed = 2020
state = INFO
reproducibility = True
data_path = ./dataset/microlens100k
checkpoint_dir = ./checkpoints/
show_progress = True
save_dataset = False
dataset_save_path = None
save_dataloaders = False
dataloaders_save_path = None
log_wandb = False

Training Hyper Parameters:
epochs = 100
train_batch_size = 512
learner = adamw
learning_rate = 1e-05
train_neg_sample_args = {'distribution': 'none', 'sample_num': 'none', 'alpha': 'none', 'dynamic': False, 'candidate_num': 0}
eval_step = 5
stopping_step = 5
clip_grad_norm = None
weight_decay = 0.1
loss_decimal_place = 4

Evaluation Hyper Parameters:
eval_args = {'split': {'LS': 'valid_and_test'}, 'order': 'TO', 'group_by': 'user', 'mode': {'valid': 'full', 'test': 'full'}}
repeatable = True
metrics = ['Hit', 'NDCG']
topk = [10, 20]
valid_metric = NDCG@10
valid_metric_bigger = True
eval_batch_size = 2048
metric_decimal_place = 4

Dataset Hyper Parameters:
field_separator = 	
seq_separator =  
USER_ID_FIELD = user_id
ITEM_ID_FIELD = item_id
RATING_FIELD = rating
TIME_FIELD = timestamp
seq_len = None
LABEL_FIELD = label
threshold = None
NEG_PREFIX = neg_
load_col = {'inter': ['user_id', 'item_id', 'timestamp']}
unload_col = None
unused_col = None
additional_feat_suffix = None
rm_dup_inter = None
val_interval = None
filter_inter_by_user_or_item = True
user_inter_num_interval = [0,inf)
item_inter_num_interval = [0,inf)
alias_of_user_id = None
alias_of_item_id = None
alias_of_entity_id = None
alias_of_relation_id = None
preload_weight = None
normalize_field = None
normalize_all = None
ITEM_LIST_LENGTH_FIELD = item_length
LIST_SUFFIX = _list
MAX_ITEM_LIST_LENGTH = 13
POSITION_FIELD = position_id
HEAD_ENTITY_ID_FIELD = head_id
TAIL_ENTITY_ID_FIELD = tail_id
RELATION_ID_FIELD = relation_id
ENTITY_ID_FIELD = entity_id
benchmark_filename = None

Other Hyper Parameters: 
worker = 0
wandb_project = recbole
shuffle = True
require_pow = False
enable_amp = False
enable_scaler = False
transform = None
n_layers = 2
n_heads = 2
hidden_size = 2048
inner_size = 256
hidden_dropout_prob = 0.1
attn_dropout_prob = 0.1
hidden_act = gelu
layer_norm_eps = 1e-12
initializer_range = 0.02
loss_type = CE
numerical_features = []
discretization = None
kg_reverse_r = False
entity_kg_num_interval = [0,inf)
relation_kg_num_interval = [0,inf)
MODEL_TYPE = ModelType.SEQUENTIAL
state_tracker = ['Tensorboard']
MODEL_INPUT_TYPE = InputType.POINTWISE
eval_type = EvaluatorType.RANKING
single_spec = True
local_rank = 0
device = cuda
valid_neg_sample_args = {'distribution': 'uniform', 'sample_num': 'none'}
test_neg_sample_args = {'distribution': 'uniform', 'sample_num': 'none'}


Thu 14 May 2026 03:10:32 INFO  microlens100k
The number of users: 100001
Average actions of users: 7.19405
The number of items: 19739
Average actions of items: 36.44771506738272
The number of inters: 719405
The sparsity of the dataset: 99.96355449587001%
Remain Fields: ['user_id', 'item_id', 'timestamp']
Thu 14 May 2026 03:10:43 INFO  [Training]: train_batch_size = [512] train_neg_sample_args: [{'distribution': 'none', 'sample_num': 'none', 'alpha': 'none', 'dynamic': False, 'candidate_num': 0}]
Thu 14 May 2026 03:10:43 INFO  [Evaluation]: eval_batch_size = [2048] eval_args: [{'split': {'LS': 'valid_and_test'}, 'order': 'TO', 'group_by': 'user', 'mode': {'valid': 'full', 'test': 'full'}}]
Thu 14 May 2026 03:10:44 INFO  SASRec(
  (item_embedding): Embedding(19739, 2048, padding_idx=0)
  (position_embedding): Embedding(13, 2048)
  (trm_encoder): TransformerEncoder(
    (layer): ModuleList(
      (0-1): 2 x TransformerLayer(
        (multi_head_attention): MultiHeadAttention(
          (query): Linear(in_features=2048, out_features=2048, bias=True)
          (key): Linear(in_features=2048, out_features=2048, bias=True)
          (value): Linear(in_features=2048, out_features=2048, bias=True)
          (softmax): Softmax(dim=-1)
          (attn_dropout): Dropout(p=0.1, inplace=False)
          (dense): Linear(in_features=2048, out_features=2048, bias=True)
          (LayerNorm): LayerNorm((2048,), eps=1e-12, elementwise_affine=True)
          (out_dropout): Dropout(p=0.1, inplace=False)
        )
        (feed_forward): FeedForward(
          (dense_1): Linear(in_features=2048, out_features=256, bias=True)
          (dense_2): Linear(in_features=256, out_features=2048, bias=True)
          (LayerNorm): LayerNorm((2048,), eps=1e-12, elementwise_affine=True)
          (dropout): Dropout(p=0.1, inplace=False)
        )
      )
    )
  )
  (LayerNorm): LayerNorm((2048,), eps=1e-12, elementwise_affine=True)
  (dropout): Dropout(p=0.1, inplace=False)
  (loss_fct): CrossEntropyLoss()
)
Trainable parameters: 76145152
Thu 14 May 2026 03:10:45 INFO  FLOPs: 463794104.0
Thu 14 May 2026 03:14:24 INFO  epoch 0 training [time: 218.64s, train loss: 7987.5972]
Thu 14 May 2026 03:18:05 INFO  epoch 1 training [time: 220.47s, train loss: 7672.7603]
Thu 14 May 2026 03:21:54 INFO  epoch 2 training [time: 229.63s, train loss: 7646.1019]
Thu 14 May 2026 03:25:41 INFO  epoch 3 training [time: 226.24s, train loss: 7542.9556]
Thu 14 May 2026 03:29:21 INFO  epoch 4 training [time: 220.16s, train loss: 7434.3406]
Thu 14 May 2026 03:29:36 INFO  epoch 4 evaluating [time: 15.50s, valid_score: 0.008200]
Thu 14 May 2026 03:29:36 INFO  valid result: 
hit@10 : 0.019    hit@20 : 0.0278    ndcg@10 : 0.0082    ndcg@20 : 0.0104
Thu 14 May 2026 03:29:37 INFO  Saving current: ./checkpoints/SASRec-May-14-2026_03-10-45.pth
Thu 14 May 2026 03:33:17 INFO  epoch 5 training [time: 219.86s, train loss: 7296.4095]
Thu 14 May 2026 03:37:06 INFO  epoch 6 training [time: 229.18s, train loss: 7158.9938]
Thu 14 May 2026 03:40:56 INFO  epoch 7 training [time: 229.96s, train loss: 7025.2977]
Thu 14 May 2026 03:44:46 INFO  epoch 8 training [time: 229.70s, train loss: 6902.7270]
Thu 14 May 2026 03:48:36 INFO  epoch 9 training [time: 229.90s, train loss: 6802.6751]
Thu 14 May 2026 03:48:52 INFO  epoch 9 evaluating [time: 15.69s, valid_score: 0.016300]
Thu 14 May 2026 03:48:52 INFO  valid result: 
hit@10 : 0.0366    hit@20 : 0.0545    ndcg@10 : 0.0163    ndcg@20 : 0.0208
Thu 14 May 2026 03:48:53 INFO  Saving current: ./checkpoints/SASRec-May-14-2026_03-10-45.pth
Thu 14 May 2026 03:52:40 INFO  epoch 10 training [time: 227.65s, train loss: 6717.2529]
Thu 14 May 2026 03:56:30 INFO  epoch 11 training [time: 229.52s, train loss: 6630.7868]
Thu 14 May 2026 04:00:19 INFO  epoch 12 training [time: 229.52s, train loss: 6540.4254]
Thu 14 May 2026 04:04:09 INFO  epoch 13 training [time: 229.68s, train loss: 6451.6767]
Thu 14 May 2026 04:07:59 INFO  epoch 14 training [time: 229.59s, train loss: 6372.5092]
Thu 14 May 2026 04:08:15 INFO  epoch 14 evaluating [time: 16.33s, valid_score: 0.025500]
Thu 14 May 2026 04:08:15 INFO  valid result: 
hit@10 : 0.0562    hit@20 : 0.0832    ndcg@10 : 0.0255    ndcg@20 : 0.0323
Thu 14 May 2026 04:08:16 INFO  Saving current: ./checkpoints/SASRec-May-14-2026_03-10-45.pth
Thu 14 May 2026 04:12:05 INFO  epoch 15 training [time: 228.46s, train loss: 6302.5269]
Thu 14 May 2026 04:15:54 INFO  epoch 16 training [time: 229.22s, train loss: 6238.6023]
Thu 14 May 2026 04:19:43 INFO  epoch 17 training [time: 228.78s, train loss: 6179.4897]
Thu 14 May 2026 04:23:21 INFO  epoch 18 training [time: 218.43s, train loss: 6125.4972]
Thu 14 May 2026 04:27:00 INFO  epoch 19 training [time: 218.51s, train loss: 6070.6483]
Thu 14 May 2026 04:27:15 INFO  epoch 19 evaluating [time: 15.39s, valid_score: 0.031000]
Thu 14 May 2026 04:27:15 INFO  valid result: 
hit@10 : 0.0666    hit@20 : 0.0997    ndcg@10 : 0.031    ndcg@20 : 0.0393
Thu 14 May 2026 04:27:16 INFO  Saving current: ./checkpoints/SASRec-May-14-2026_03-10-45.pth
Thu 14 May 2026 04:30:57 INFO  epoch 20 training [time: 221.06s, train loss: 6018.3555]
Thu 14 May 2026 04:34:47 INFO  epoch 21 training [time: 229.51s, train loss: 5965.4491]
Thu 14 May 2026 04:38:32 INFO  epoch 22 training [time: 225.26s, train loss: 5912.2106]
Thu 14 May 2026 04:42:18 INFO  epoch 23 training [time: 226.47s, train loss: 5859.5400]
Thu 14 May 2026 04:46:09 INFO  epoch 24 training [time: 230.27s, train loss: 5806.3605]
Thu 14 May 2026 04:46:25 INFO  epoch 24 evaluating [time: 16.33s, valid_score: 0.033600]
Thu 14 May 2026 04:46:25 INFO  valid result: 
hit@10 : 0.0718    hit@20 : 0.1065    ndcg@10 : 0.0336    ndcg@20 : 0.0424
Thu 14 May 2026 04:46:26 INFO  Saving current: ./checkpoints/SASRec-May-14-2026_03-10-45.pth
Thu 14 May 2026 04:50:15 INFO  epoch 25 training [time: 228.92s, train loss: 5751.3240]
Thu 14 May 2026 04:54:05 INFO  epoch 26 training [time: 230.23s, train loss: 5693.6193]
Thu 14 May 2026 04:57:55 INFO  epoch 27 training [time: 230.06s, train loss: 5639.6929]
Thu 14 May 2026 05:01:45 INFO  epoch 28 training [time: 229.72s, train loss: 5582.4061]
Thu 14 May 2026 05:05:25 INFO  epoch 29 training [time: 220.09s, train loss: 5526.7840]
Thu 14 May 2026 05:05:41 INFO  epoch 29 evaluating [time: 15.41s, valid_score: 0.035500]
Thu 14 May 2026 05:05:41 INFO  valid result: 
hit@10 : 0.0748    hit@20 : 0.1089    ndcg@10 : 0.0355    ndcg@20 : 0.0441
Thu 14 May 2026 05:05:42 INFO  Saving current: ./checkpoints/SASRec-May-14-2026_03-10-45.pth
Thu 14 May 2026 05:09:27 INFO  epoch 30 training [time: 225.25s, train loss: 5471.0240]
Thu 14 May 2026 05:13:17 INFO  epoch 31 training [time: 229.40s, train loss: 5415.0684]
Thu 14 May 2026 05:17:06 INFO  epoch 32 training [time: 229.55s, train loss: 5357.1417]
Thu 14 May 2026 05:20:55 INFO  epoch 33 training [time: 228.97s, train loss: 5301.4172]
Thu 14 May 2026 05:24:34 INFO  epoch 34 training [time: 218.77s, train loss: 5247.0421]
Thu 14 May 2026 05:24:49 INFO  epoch 34 evaluating [time: 15.40s, valid_score: 0.036700]
Thu 14 May 2026 05:24:49 INFO  valid result: 
hit@10 : 0.0767    hit@20 : 0.1098    ndcg@10 : 0.0367    ndcg@20 : 0.0451
Thu 14 May 2026 05:24:50 INFO  Saving current: ./checkpoints/SASRec-May-14-2026_03-10-45.pth
Thu 14 May 2026 05:28:37 INFO  epoch 35 training [time: 226.56s, train loss: 5190.4795]
Thu 14 May 2026 05:32:26 INFO  epoch 36 training [time: 228.68s, train loss: 5134.9275]
Thu 14 May 2026 05:36:10 INFO  epoch 37 training [time: 224.04s, train loss: 5081.6943]
Thu 14 May 2026 05:39:57 INFO  epoch 38 training [time: 226.87s, train loss: 5026.4024]
Thu 14 May 2026 05:43:45 INFO  epoch 39 training [time: 228.88s, train loss: 4973.0712]
Thu 14 May 2026 05:44:02 INFO  epoch 39 evaluating [time: 16.24s, valid_score: 0.037200]
Thu 14 May 2026 05:44:02 INFO  valid result: 
hit@10 : 0.0768    hit@20 : 0.1094    ndcg@10 : 0.0372    ndcg@20 : 0.0455
Thu 14 May 2026 05:44:03 INFO  Saving current: ./checkpoints/SASRec-May-14-2026_03-10-45.pth
Thu 14 May 2026 05:47:49 INFO  epoch 40 training [time: 225.74s, train loss: 4917.9062]
Thu 14 May 2026 05:51:28 INFO  epoch 41 training [time: 219.50s, train loss: 4865.8574]
Thu 14 May 2026 05:55:08 INFO  epoch 42 training [time: 219.72s, train loss: 4813.1902]
Thu 14 May 2026 05:58:47 INFO  epoch 43 training [time: 219.37s, train loss: 4759.6898]
Thu 14 May 2026 06:02:27 INFO  epoch 44 training [time: 220.21s, train loss: 4709.5184]
Thu 14 May 2026 06:02:43 INFO  epoch 44 evaluating [time: 15.44s, valid_score: 0.036900]
Thu 14 May 2026 06:02:43 INFO  valid result: 
hit@10 : 0.0751    hit@20 : 0.1076    ndcg@10 : 0.0369    ndcg@20 : 0.0451
Thu 14 May 2026 06:06:22 INFO  epoch 45 training [time: 219.51s, train loss: 4656.4118]
Thu 14 May 2026 06:10:02 INFO  epoch 46 training [time: 219.49s, train loss: 4605.1530]
Thu 14 May 2026 06:13:41 INFO  epoch 47 training [time: 219.04s, train loss: 4556.0272]
Thu 14 May 2026 06:17:20 INFO  epoch 48 training [time: 219.22s, train loss: 4504.5936]
Thu 14 May 2026 06:20:59 INFO  epoch 49 training [time: 218.75s, train loss: 4455.0632]
Thu 14 May 2026 06:21:14 INFO  epoch 49 evaluating [time: 15.45s, valid_score: 0.036800]
Thu 14 May 2026 06:21:14 INFO  valid result: 
hit@10 : 0.0735    hit@20 : 0.1062    ndcg@10 : 0.0368    ndcg@20 : 0.045
Thu 14 May 2026 06:24:53 INFO  epoch 50 training [time: 219.17s, train loss: 4403.8945]
Thu 14 May 2026 06:28:33 INFO  epoch 51 training [time: 219.16s, train loss: 4356.1808]
Thu 14 May 2026 06:32:12 INFO  epoch 52 training [time: 219.22s, train loss: 4307.4947]
Thu 14 May 2026 06:35:51 INFO  epoch 53 training [time: 219.11s, train loss: 4259.7796]
Thu 14 May 2026 06:39:30 INFO  epoch 54 training [time: 218.92s, train loss: 4212.1868]
Thu 14 May 2026 06:39:45 INFO  epoch 54 evaluating [time: 15.44s, valid_score: 0.036800]
Thu 14 May 2026 06:39:45 INFO  valid result: 
hit@10 : 0.0727    hit@20 : 0.1042    ndcg@10 : 0.0368    ndcg@20 : 0.0447
Thu 14 May 2026 06:43:24 INFO  epoch 55 training [time: 218.96s, train loss: 4164.8558]
Thu 14 May 2026 06:47:03 INFO  epoch 56 training [time: 218.90s, train loss: 4117.1082]
Thu 14 May 2026 06:50:42 INFO  epoch 57 training [time: 219.03s, train loss: 4071.2345]
Thu 14 May 2026 06:54:21 INFO  epoch 58 training [time: 218.94s, train loss: 4024.1353]
Thu 14 May 2026 06:58:01 INFO  epoch 59 training [time: 219.83s, train loss: 3977.3723]
Thu 14 May 2026 06:58:16 INFO  epoch 59 evaluating [time: 15.53s, valid_score: 0.037200]
Thu 14 May 2026 06:58:16 INFO  valid result: 
hit@10 : 0.0726    hit@20 : 0.103    ndcg@10 : 0.0372    ndcg@20 : 0.0449
Thu 14 May 2026 06:58:18 INFO  Saving current: ./checkpoints/SASRec-May-14-2026_03-10-45.pth
Thu 14 May 2026 07:01:57 INFO  epoch 60 training [time: 219.21s, train loss: 3933.9763]
Thu 14 May 2026 07:05:37 INFO  epoch 61 training [time: 220.02s, train loss: 3888.8961]
Thu 14 May 2026 07:09:18 INFO  epoch 62 training [time: 221.18s, train loss: 3843.9179]
Thu 14 May 2026 07:12:57 INFO  epoch 63 training [time: 219.07s, train loss: 3799.1143]
Thu 14 May 2026 07:16:36 INFO  epoch 64 training [time: 219.03s, train loss: 3755.0334]
Thu 14 May 2026 07:16:52 INFO  epoch 64 evaluating [time: 15.50s, valid_score: 0.036800]
Thu 14 May 2026 07:16:52 INFO  valid result: 
hit@10 : 0.0711    hit@20 : 0.1003    ndcg@10 : 0.0368    ndcg@20 : 0.0441
Thu 14 May 2026 07:20:31 INFO  epoch 65 training [time: 219.00s, train loss: 3711.4684]
Thu 14 May 2026 07:24:10 INFO  epoch 66 training [time: 219.04s, train loss: 3668.2113]
Thu 14 May 2026 07:27:49 INFO  epoch 67 training [time: 219.05s, train loss: 3624.6550]
Thu 14 May 2026 07:31:28 INFO  epoch 68 training [time: 219.02s, train loss: 3583.9114]
Thu 14 May 2026 07:35:07 INFO  epoch 69 training [time: 218.98s, train loss: 3542.0743]
Thu 14 May 2026 07:35:22 INFO  epoch 69 evaluating [time: 15.51s, valid_score: 0.037200]
Thu 14 May 2026 07:35:22 INFO  valid result: 
hit@10 : 0.071    hit@20 : 0.0997    ndcg@10 : 0.0372    ndcg@20 : 0.0445
Thu 14 May 2026 07:35:23 INFO  Saving current: ./checkpoints/SASRec-May-14-2026_03-10-45.pth
Thu 14 May 2026 07:39:02 INFO  epoch 70 training [time: 218.86s, train loss: 3502.3269]
Thu 14 May 2026 07:42:41 INFO  epoch 71 training [time: 218.75s, train loss: 3459.0240]
Thu 14 May 2026 07:46:20 INFO  epoch 72 training [time: 218.91s, train loss: 3422.2222]
Thu 14 May 2026 07:49:59 INFO  epoch 73 training [time: 219.02s, train loss: 3376.8862]
Thu 14 May 2026 07:53:38 INFO  epoch 74 training [time: 218.93s, train loss: 3339.0018]
Thu 14 May 2026 07:53:53 INFO  epoch 74 evaluating [time: 15.40s, valid_score: 0.036900]
Thu 14 May 2026 07:53:53 INFO  valid result: 
hit@10 : 0.0695    hit@20 : 0.0965    ndcg@10 : 0.0369    ndcg@20 : 0.0437
Thu 14 May 2026 07:57:32 INFO  epoch 75 training [time: 219.08s, train loss: 3301.0330]
Thu 14 May 2026 08:01:11 INFO  epoch 76 training [time: 218.90s, train loss: 3260.8016]
Thu 14 May 2026 08:04:50 INFO  epoch 77 training [time: 218.99s, train loss: 3220.5608]
Thu 14 May 2026 08:08:29 INFO  epoch 78 training [time: 219.14s, train loss: 3182.0211]
Thu 14 May 2026 08:12:08 INFO  epoch 79 training [time: 219.12s, train loss: 3144.2399]
Thu 14 May 2026 08:12:24 INFO  epoch 79 evaluating [time: 15.40s, valid_score: 0.037600]
Thu 14 May 2026 08:12:24 INFO  valid result: 
hit@10 : 0.0697    hit@20 : 0.096    ndcg@10 : 0.0376    ndcg@20 : 0.0442
Thu 14 May 2026 08:12:25 INFO  Saving current: ./checkpoints/SASRec-May-14-2026_03-10-45.pth
Thu 14 May 2026 08:16:04 INFO  epoch 80 training [time: 219.02s, train loss: 3107.3674]
Thu 14 May 2026 08:19:43 INFO  epoch 81 training [time: 219.00s, train loss: 3069.5884]
Thu 14 May 2026 08:23:22 INFO  epoch 82 training [time: 218.77s, train loss: 3032.8338]
Thu 14 May 2026 08:27:01 INFO  epoch 83 training [time: 219.29s, train loss: 2996.3604]
Thu 14 May 2026 08:30:40 INFO  epoch 84 training [time: 219.21s, train loss: 2961.6363]
Thu 14 May 2026 08:30:56 INFO  epoch 84 evaluating [time: 15.42s, valid_score: 0.037000]
Thu 14 May 2026 08:30:56 INFO  valid result: 
hit@10 : 0.0682    hit@20 : 0.094    ndcg@10 : 0.037    ndcg@20 : 0.0435
Thu 14 May 2026 08:34:35 INFO  epoch 85 training [time: 219.27s, train loss: 2924.1736]
Thu 14 May 2026 08:38:14 INFO  epoch 86 training [time: 219.29s, train loss: 2888.7835]
Thu 14 May 2026 08:41:53 INFO  epoch 87 training [time: 219.20s, train loss: 2855.8712]
Thu 14 May 2026 08:45:33 INFO  epoch 88 training [time: 219.38s, train loss: 2818.4918]
Thu 14 May 2026 08:49:12 INFO  epoch 89 training [time: 219.11s, train loss: 2783.7970]
Thu 14 May 2026 08:49:27 INFO  epoch 89 evaluating [time: 15.44s, valid_score: 0.037100]
Thu 14 May 2026 08:49:27 INFO  valid result: 
hit@10 : 0.068    hit@20 : 0.0934    ndcg@10 : 0.0371    ndcg@20 : 0.0435
Thu 14 May 2026 08:53:07 INFO  epoch 90 training [time: 219.24s, train loss: 2751.7436]
Thu 14 May 2026 08:56:46 INFO  epoch 91 training [time: 219.21s, train loss: 2718.6328]
Thu 14 May 2026 09:00:25 INFO  epoch 92 training [time: 218.87s, train loss: 2685.1013]
Thu 14 May 2026 09:04:04 INFO  epoch 93 training [time: 218.96s, train loss: 2653.0185]
Thu 14 May 2026 09:07:43 INFO  epoch 94 training [time: 219.04s, train loss: 2620.4119]
Thu 14 May 2026 09:07:58 INFO  epoch 94 evaluating [time: 15.41s, valid_score: 0.037100]
Thu 14 May 2026 09:07:58 INFO  valid result: 
hit@10 : 0.0666    hit@20 : 0.0921    ndcg@10 : 0.0371    ndcg@20 : 0.0435
Thu 14 May 2026 09:11:37 INFO  epoch 95 training [time: 218.86s, train loss: 2588.3754]
Thu 14 May 2026 09:15:16 INFO  epoch 96 training [time: 219.22s, train loss: 2557.2749]
Thu 14 May 2026 09:18:55 INFO  epoch 97 training [time: 219.01s, train loss: 2526.5339]
Thu 14 May 2026 09:22:34 INFO  epoch 98 training [time: 219.08s, train loss: 2494.3933]
Thu 14 May 2026 09:26:13 INFO  epoch 99 training [time: 218.93s, train loss: 2466.9766]
Thu 14 May 2026 09:26:29 INFO  epoch 99 evaluating [time: 15.54s, valid_score: 0.037400]
Thu 14 May 2026 09:26:29 INFO  valid result: 
hit@10 : 0.067    hit@20 : 0.092    ndcg@10 : 0.0374    ndcg@20 : 0.0437
Thu 14 May 2026 09:26:29 INFO  Loading model structure and parameters from ./checkpoints/SASRec-May-14-2026_03-10-45.pth
Thu 14 May 2026 09:26:46 INFO  The running environment of this training is as follows:
+-------------+------------------+
| Environment |      Usage       |
+=============+==================+
| CPU         |      9.00 %      |
+-------------+------------------+
| GPU         |  5.12 G/39.25 G  |
+-------------+------------------+
| Memory      | 2.00 G/2015.65 G |
+-------------+------------------+
Thu 14 May 2026 09:26:46 INFO  best valid : OrderedDict([('hit@10', 0.0697), ('hit@20', 0.096), ('ndcg@10', 0.0376), ('ndcg@20', 0.0442)])
Thu 14 May 2026 09:26:46 INFO  test result: OrderedDict([('hit@10', 0.0507), ('hit@20', 0.0728), ('ndcg@10', 0.0273), ('ndcg@20', 0.0328)])
